c:\users\user\source\repos\백준문제\x64\debug\vc141.pdb
c:\users\user\source\repos\백준문제\x64\debug\vc141.idb
c:\users\user\source\repos\백준문제\x64\debug\test.obj
c:\users\user\source\repos\백준문제\x64\debug\3052.obj
c:\users\user\source\repos\백준문제\x64\debug\3053.obj
c:\users\user\source\repos\백준문제\x64\debug\3054.obj
c:\users\user\source\repos\백준문제\x64\debug\3054_1.obj
c:\users\user\source\repos\백준문제\x64\debug\3054_3.obj
c:\users\user\source\repos\백준문제\x64\debug\3054_2.obj
c:\users\user\source\repos\백준문제\x64\debug\1010.obj
c:\users\user\source\repos\백준문제\x64\debug\2742.obj
c:\users\user\source\repos\백준문제\x64\debug\1037.obj
c:\users\user\source\repos\백준문제\x64\debug\단순계산.obj
c:\users\user\source\repos\백준문제\x64\debug\1978.obj
c:\users\user\source\repos\백준문제\x64\debug\1978_1.obj
c:\users\user\source\repos\백준문제\x64\debug\1271.obj
c:\users\user\source\repos\백준문제\x64\debug\2743.obj
c:\users\user\source\repos\백준문제\x64\debug\1145.obj
c:\users\user\source\repos\백준문제\x64\debug\1015.obj
c:\users\user\source\repos\백준문제\x64\debug\3003.obj
c:\users\user\source\repos\백준문제\x64\debug\2530(인공지능시계).obj
c:\users\user\source\repos\백준문제\x64\debug\10757.obj
c:\users\user\source\repos\백준문제\x64\debug\2752(세수정렬).obj
c:\users\user\source\repos\백준문제\x64\debug\4101.obj
c:\users\user\source\repos\백준문제\x64\debug\1264(모음의개수).obj
c:\users\user\source\repos\백준문제\x64\debug\1212.obj
c:\users\user\source\repos\백준문제\x64\debug\1769.obj
c:\users\user\source\repos\백준문제\x64\debug\1085.obj
c:\users\user\source\repos\백준문제\x64\debug\1769_2.obj
c:\users\user\source\repos\백준문제\x64\debug\1769_1.obj
c:\users\user\source\repos\백준문제\x64\debug\2754.obj
c:\users\user\source\repos\백준문제\x64\debug\1769_1_1.obj
c:\users\user\source\repos\백준문제\x64\debug\1247.obj
c:\users\user\source\repos\백준문제\x64\debug\1417.obj
c:\users\user\source\repos\백준문제\x64\debug\25083.obj
c:\users\user\source\repos\백준문제\x64\debug\1058.obj
c:\users\user\source\repos\백준문제\x64\debug\vc143.pdb
c:\users\user\source\repos\백준문제\x64\debug\vc143.idb
c:\users\user\source\repos\백준문제\x64\debug\1021.obj
c:\users\user\source\repos\x64\debug\백준문제.exe
c:\users\user\source\repos\x64\debug\백준문제.ilk
c:\users\user\source\repos\x64\debug\백준문제.pdb
c:\users\user\source\repos\백준문제\x64\debug\1032.obj
c:\users\user\source\repos\백준문제\x64\debug\1546.obj
c:\users\user\source\repos\백준문제\x64\debug\팩토리얼.obj
c:\users\user\source\repos\백준문제\x64\debug\1010.new.obj.enc
c:\users\user\source\repos\백준문제\x64\debug\백준문제.pdb
c:\users\user\source\repos\백준문제\x64\debug\백준문제.tlog\cl.command.1.tlog
c:\users\user\source\repos\백준문제\x64\debug\백준문제.tlog\cl.items.tlog
c:\users\user\source\repos\백준문제\x64\debug\백준문제.tlog\cl.read.1.tlog
c:\users\user\source\repos\백준문제\x64\debug\백준문제.tlog\cl.write.1.tlog
c:\users\user\source\repos\백준문제\x64\debug\백준문제.tlog\link-cvtres.read.1.tlog
c:\users\user\source\repos\백준문제\x64\debug\백준문제.tlog\link-cvtres.write.1.tlog
c:\users\user\source\repos\백준문제\x64\debug\백준문제.tlog\link-rc.read.1.tlog
c:\users\user\source\repos\백준문제\x64\debug\백준문제.tlog\link-rc.write.1.tlog
c:\users\user\source\repos\백준문제\x64\debug\백준문제.tlog\link.2932-cvtres.read.1.tlog
c:\users\user\source\repos\백준문제\x64\debug\백준문제.tlog\link.2932-cvtres.write.1.tlog
c:\users\user\source\repos\백준문제\x64\debug\백준문제.tlog\link.2932-rc.read.1.tlog
c:\users\user\source\repos\백준문제\x64\debug\백준문제.tlog\link.2932-rc.write.1.tlog
c:\users\user\source\repos\백준문제\x64\debug\백준문제.tlog\link.2932.read.1.tlog
c:\users\user\source\repos\백준문제\x64\debug\백준문제.tlog\link.2932.read.2.tlog
c:\users\user\source\repos\백준문제\x64\debug\백준문제.tlog\link.2932.write.1.tlog
c:\users\user\source\repos\백준문제\x64\debug\백준문제.tlog\link.command.1.tlog
c:\users\user\source\repos\백준문제\x64\debug\백준문제.tlog\link.read.1.tlog
c:\users\user\source\repos\백준문제\x64\debug\백준문제.tlog\link.read.2.tlog
c:\users\user\source\repos\백준문제\x64\debug\백준문제.tlog\link.write.1.tlog
